<?xml version="1.0" encoding="UTF-8"?>
<!-- Generated by org.testng.reporters.JUnitXMLReporter -->
<testsuite ignored="0" hostname="192.168.0.129" failures="0" tests="12" name="Rest API regression Test" time="4.106" errors="0" timestamp="16 Mar 2023 14:48:11 GMT">
  <testcase classname="com.qa1.api.gorest.tests.getImgurTestAPI" name="@BeforeMethod getToken" time="2.697">
    <failure type="java.lang.IllegalArgumentException" message="The parameter &amp;quot;src&amp;quot; was used but not defined. Define parameters using the JsonPath.params(...) function">
      <![CDATA[java.lang.IllegalArgumentException: The parameter "src" was used but not defined. Define parameters using the JsonPath.params(...) function
at org.codehaus.groovy.runtime.callsite.ConstructorSite$ConstructorSiteNoUnwrapNoCoerce.callConstructor(ConstructorSite.java:105)
at org.codehaus.groovy.runtime.callsite.CallSiteArray.defaultCallConstructor(CallSiteArray.java:59)
at org.codehaus.groovy.runtime.callsite.AbstractCallSite.callConstructor(AbstractCallSite.java:263)
at org.codehaus.groovy.runtime.callsite.AbstractCallSite.callConstructor(AbstractCallSite.java:286)
at io.restassured.internal.path.json.JSONAssertion.getAsJsonObject(JSONAssertion.groovy:50)
at io.restassured.internal.path.json.JSONAssertion$getAsJsonObject.callCurrent(Unknown Source)
at io.restassured.internal.path.json.JSONAssertion.getResult(JSONAssertion.groovy:28)
at io.restassured.path.json.JsonPath.get(JsonPath.java:203)
at io.restassured.path.json.JsonPath.getMap(JsonPath.java:420)
at com.qa1.api.gorest.utill.Token.getAcessToken(Token.java:27)
at com.qa1.api.gorest.tests.getImgurTestAPI.getToken(getImgurTestAPI.java:30)
at java.base/java.util.concurrent.ThreadPoolExecutor.runWorker(ThreadPoolExecutor.java:1136)
at java.base/java.util.concurrent.ThreadPoolExecutor$Worker.run(ThreadPoolExecutor.java:635)
at java.base/java.lang.Thread.run(Thread.java:833)
Caused by: groovy.lang.MissingPropertyException: No such property: src for class: Script1
at org.codehaus.groovy.runtime.ScriptBytecodeAdapter.unwrap(ScriptBytecodeAdapter.java:65)
at org.codehaus.groovy.runtime.callsite.PogoGetPropertySite.getProperty(PogoGetPropertySite.java:51)
at org.codehaus.groovy.runtime.callsite.AbstractCallSite.callGroovyObjectGetProperty(AbstractCallSite.java:341)
at Script1.run(Script1.groovy:1)
at groovy.lang.GroovyShell.evaluate(GroovyShell.java:427)
at groovy.lang.GroovyShell.evaluate(GroovyShell.java:461)
at groovy.lang.GroovyShell.evaluate(GroovyShell.java:436)
at org.codehaus.groovy.runtime.callsite.PlainObjectMetaMethodSite.doInvoke(PlainObjectMetaMethodSite.java:43)
at org.codehaus.groovy.runtime.callsite.PogoMetaMethodSite$PogoCachedMethodSiteNoUnwrap.invoke(PogoMetaMethodSite.java:182)
at org.codehaus.groovy.runtime.callsite.PogoMetaMethodSite.call(PogoMetaMethodSite.java:73)
at org.codehaus.groovy.runtime.callsite.CallSiteArray.defaultCall(CallSiteArray.java:47)
at org.codehaus.groovy.runtime.callsite.AbstractCallSite.call(AbstractCallSite.java:125)
at org.codehaus.groovy.runtime.callsite.AbstractCallSite.call(AbstractCallSite.java:139)
at io.restassured.internal.path.json.JSONAssertion.eval(JSONAssertion.groovy:80)
at org.codehaus.groovy.runtime.callsite.PlainObjectMetaMethodSite.doInvoke(PlainObjectMetaMethodSite.java:43)
at org.codehaus.groovy.runtime.callsite.PogoMetaMethodSite$PogoCachedMethodSiteNoUnwrapNoCoerce.invoke(PogoMetaMethodSite.java:193)
at org.codehaus.groovy.runtime.callsite.PogoMetaMethodSite.callCurrent(PogoMetaMethodSite.java:61)
at org.codehaus.groovy.runtime.callsite.CallSiteArray.defaultCallCurrent(CallSiteArray.java:51)
at org.codehaus.groovy.runtime.callsite.AbstractCallSite.callCurrent(AbstractCallSite.java:171)
at org.codehaus.groovy.runtime.callsite.AbstractCallSite.callCurrent(AbstractCallSite.java:203)
at io.restassured.internal.path.json.JSONAssertion.getAsJsonObject(JSONAssertion.groovy:46)
... 22 more
... Removed 27 stack frames]]>
    </failure>
  </testcase> <!-- @BeforeMethod getToken -->
  <testcase classname="com.qa1.api.gorest.tests.getImgurTestAPI" name="@BeforeMethod getToken" time="0.0">
    <skipped/>
  </testcase> <!-- @BeforeMethod getToken -->
  <testcase classname="com.qa1.api.gorest.tests.getImgurTestAPI" name="@BeforeMethod getToken" time="0.0">
    <skipped/>
  </testcase> <!-- @BeforeMethod getToken -->
  <testcase classname="com.qa1.api.gorest.tests.GetUserTest" name="getAllUserTest" time="1.649"/>
  <testcase classname="com.qa1.api.gorest.tests.CreateUserTest" name="createUserTest" time="1.703"/>
  <testcase classname="com.qa1.api.gorest.tests.GetUserTest" name="getCallQueryParamTest" time="0.389"/>
  <testcase classname="com.qa1.api.gorest.tests.CreateUserTest" name="createUserTest" time="0.467"/>
  <testcase classname="com.qa1.api.gorest.tests.getImgurTestAPI" name="getAccountBlackStatusTest" time="0.0">
    <skipped/>
  </testcase> <!-- getAccountBlackStatusTest -->
  <testcase classname="com.qa1.api.gorest.tests.getImgurTestAPI" name="getCountOfImageTest" time="0.0">
    <skipped/>
  </testcase> <!-- getCountOfImageTest -->
  <testcase classname="com.qa1.api.gorest.tests.getImgurTestAPI" name="postUpLoadImageTest" time="0.0">
    <skipped/>
  </testcase> <!-- postUpLoadImageTest -->
  <testcase classname="com.qa1.api.gorest.tests.CreateUserTest" name="createUserTest" time="0.485"/>
  <testcase classname="com.qa1.api.gorest.tests.postBookingAPITest" name="postAPITest" time="1.218"/>
  <testcase classname="com.qa1.api.gorest.tests.CreateUserTest" name="createUserTest" time="0.457"/>
  <testcase classname="com.qa1.api.gorest.tests.CreateUserTest" name="createUserTest" time="0.424"/>
  <testcase classname="com.qa1.api.gorest.tests.CreateUserTest" name="createUserTest" time="0.198"/>
</testsuite> <!-- Rest API regression Test -->
